<?xml version="1.0" encoding="UTF-8"?>
<testsuite xmlns:xsi="http://www.w3.org/2001/XMLSchema-instance" xsi:noNamespaceSchemaLocation="https://maven.apache.org/surefire/maven-surefire-plugin/xsd/surefire-test-report.xsd" version="3.0.2" name="TestSuite" time="66.701" tests="42" errors="0" skipped="0" failures="0">
  <properties>
    <property name="java.specification.version" value="17"/>
    <property name="sun.cpu.isalist" value="amd64"/>
    <property name="sun.jnu.encoding" value="Cp1252"/>
    <property name="java.class.path" value="D:\GitHub_LocalRepository_JULY2025\RestAssuredFramework\target\test-classes;D:\GitHub_LocalRepository_JULY2025\RestAssuredFramework\target\classes;C:\Users\satis\.m2\repository\io\rest-assured\rest-assured\5.5.5\rest-assured-5.5.5.jar;C:\Users\satis\.m2\repository\org\apache\groovy\groovy\4.0.22\groovy-4.0.22.jar;C:\Users\satis\.m2\repository\org\apache\groovy\groovy-xml\4.0.22\groovy-xml-4.0.22.jar;C:\Users\satis\.m2\repository\org\apache\httpcomponents\httpclient\4.5.13\httpclient-4.5.13.jar;C:\Users\satis\.m2\repository\org\apache\httpcomponents\httpcore\4.4.13\httpcore-4.4.13.jar;C:\Users\satis\.m2\repository\commons-logging\commons-logging\1.2\commons-logging-1.2.jar;C:\Users\satis\.m2\repository\org\apache\httpcomponents\httpmime\4.5.13\httpmime-4.5.13.jar;C:\Users\satis\.m2\repository\org\hamcrest\hamcrest\2.2\hamcrest-2.2.jar;C:\Users\satis\.m2\repository\org\ccil\cowan\tagsoup\tagsoup\1.2.1\tagsoup-1.2.1.jar;C:\Users\satis\.m2\repository\io\rest-assured\json-path\5.5.5\json-path-5.5.5.jar;C:\Users\satis\.m2\repository\org\apache\groovy\groovy-json\4.0.22\groovy-json-4.0.22.jar;C:\Users\satis\.m2\repository\io\rest-assured\rest-assured-common\5.5.5\rest-assured-common-5.5.5.jar;C:\Users\satis\.m2\repository\io\rest-assured\xml-path\5.5.5\xml-path-5.5.5.jar;C:\Users\satis\.m2\repository\org\apache\commons\commons-lang3\3.16.0\commons-lang3-3.16.0.jar;C:\Users\satis\.m2\repository\org\projectlombok\lombok\1.18.38\lombok-1.18.38.jar;C:\Users\satis\.m2\repository\commons-io\commons-io\2.18.0\commons-io-2.18.0.jar;C:\Users\satis\.m2\repository\org\testng\testng\7.11.0\testng-7.11.0.jar;C:\Users\satis\.m2\repository\org\jcommander\jcommander\1.83\jcommander-1.83.jar;C:\Users\satis\.m2\repository\org\webjars\jquery\3.7.1\jquery-3.7.1.jar;C:\Users\satis\.m2\repository\io\qameta\allure\allure-testng\2.29.1\allure-testng-2.29.1.jar;C:\Users\satis\.m2\repository\io\qameta\allure\allure-java-commons\2.29.1\allure-java-commons-2.29.1.jar;C:\Users\satis\.m2\repository\io\qameta\allure\allure-model\2.29.1\allure-model-2.29.1.jar;C:\Users\satis\.m2\repository\io\qameta\allure\allure-test-filter\2.29.1\allure-test-filter-2.29.1.jar;C:\Users\satis\.m2\repository\io\qameta\allure\allure-rest-assured\2.29.1\allure-rest-assured-2.29.1.jar;C:\Users\satis\.m2\repository\io\qameta\allure\allure-attachments\2.29.1\allure-attachments-2.29.1.jar;C:\Users\satis\.m2\repository\com\fasterxml\jackson\core\jackson-core\2.19.1\jackson-core-2.19.1.jar;C:\Users\satis\.m2\repository\com\fasterxml\jackson\core\jackson-databind\2.19.1\jackson-databind-2.19.1.jar;C:\Users\satis\.m2\repository\com\fasterxml\jackson\core\jackson-annotations\2.19.1\jackson-annotations-2.19.1.jar;C:\Users\satis\.m2\repository\org\apache\logging\log4j\log4j-core\2.25.0\log4j-core-2.25.0.jar;C:\Users\satis\.m2\repository\org\apache\logging\log4j\log4j-api\2.25.0\log4j-api-2.25.0.jar;C:\Users\satis\.m2\repository\org\slf4j\slf4j-api\2.0.16\slf4j-api-2.0.16.jar;C:\Users\satis\.m2\repository\org\apache\logging\log4j\log4j-slf4j-impl\2.25.0\log4j-slf4j-impl-2.25.0.jar;C:\Users\satis\.m2\repository\io\rest-assured\json-schema-validator\5.5.5\json-schema-validator-5.5.5.jar;C:\Users\satis\.m2\repository\com\github\java-json-tools\json-schema-validator\2.2.14\json-schema-validator-2.2.14.jar;C:\Users\satis\.m2\repository\com\github\java-json-tools\jackson-coreutils-equivalence\1.0\jackson-coreutils-equivalence-1.0.jar;C:\Users\satis\.m2\repository\com\github\java-json-tools\jackson-coreutils\2.0\jackson-coreutils-2.0.jar;C:\Users\satis\.m2\repository\com\github\java-json-tools\msg-simple\1.2\msg-simple-1.2.jar;C:\Users\satis\.m2\repository\com\github\java-json-tools\btf\1.3\btf-1.3.jar;C:\Users\satis\.m2\repository\com\github\java-json-tools\json-schema-core\1.2.14\json-schema-core-1.2.14.jar;C:\Users\satis\.m2\repository\com\github\java-json-tools\uri-template\0.10\uri-template-0.10.jar;C:\Users\satis\.m2\repository\org\mozilla\rhino\1.7.7.2\rhino-1.7.7.2.jar;C:\Users\satis\.m2\repository\com\sun\mail\mailapi\1.6.2\mailapi-1.6.2.jar;C:\Users\satis\.m2\repository\joda-time\joda-time\2.10.5\joda-time-2.10.5.jar;C:\Users\satis\.m2\repository\com\googlecode\libphonenumber\libphonenumber\8.11.1\libphonenumber-8.11.1.jar;C:\Users\satis\.m2\repository\com\google\code\findbugs\jsr305\3.0.2\jsr305-3.0.2.jar;C:\Users\satis\.m2\repository\net\sf\jopt-simple\jopt-simple\5.0.4\jopt-simple-5.0.4.jar;C:\Users\satis\.m2\repository\com\google\guava\guava\33.2.1-jre\guava-33.2.1-jre.jar;C:\Users\satis\.m2\repository\com\google\guava\failureaccess\1.0.2\failureaccess-1.0.2.jar;C:\Users\satis\.m2\repository\com\google\guava\listenablefuture\9999.0-empty-to-avoid-conflict-with-guava\listenablefuture-9999.0-empty-to-avoid-conflict-with-guava.jar;C:\Users\satis\.m2\repository\org\checkerframework\checker-qual\3.42.0\checker-qual-3.42.0.jar;C:\Users\satis\.m2\repository\com\google\j2objc\j2objc-annotations\3.0.0\j2objc-annotations-3.0.0.jar;C:\Users\satis\.m2\repository\org\apache\poi\poi\5.3.0\poi-5.3.0.jar;C:\Users\satis\.m2\repository\commons-codec\commons-codec\1.17.0\commons-codec-1.17.0.jar;C:\Users\satis\.m2\repository\org\apache\commons\commons-collections4\4.4\commons-collections4-4.4.jar;C:\Users\satis\.m2\repository\org\apache\commons\commons-math3\3.6.1\commons-math3-3.6.1.jar;C:\Users\satis\.m2\repository\com\zaxxer\SparseBitSet\1.3\SparseBitSet-1.3.jar;C:\Users\satis\.m2\repository\org\apache\poi\poi-ooxml\5.3.0\poi-ooxml-5.3.0.jar;C:\Users\satis\.m2\repository\org\apache\poi\poi-ooxml-lite\5.3.0\poi-ooxml-lite-5.3.0.jar;C:\Users\satis\.m2\repository\org\apache\xmlbeans\xmlbeans\5.2.1\xmlbeans-5.2.1.jar;C:\Users\satis\.m2\repository\org\apache\commons\commons-compress\1.26.2\commons-compress-1.26.2.jar;C:\Users\satis\.m2\repository\com\github\virtuald\curvesapi\1.08\curvesapi-1.08.jar;C:\Users\satis\.m2\repository\org\apache\logging\log4j\log4j-slf4j2-impl\2.24.3\log4j-slf4j2-impl-2.24.3.jar;C:\Users\satis\.m2\repository\com\github\javafaker\javafaker\1.0.2\javafaker-1.0.2.jar;C:\Users\satis\.m2\repository\org\yaml\snakeyaml\1.23\snakeyaml-1.23-android.jar;C:\Users\satis\.m2\repository\com\github\mifmif\generex\1.0.2\generex-1.0.2.jar;C:\Users\satis\.m2\repository\dk\brics\automaton\automaton\1.11-8\automaton-1.11-8.jar;C:\Users\satis\.m2\repository\org\freemarker\freemarker\2.3.34\freemarker-2.3.34.jar;C:\Users\satis\.m2\repository\com\google\code\gson\gson\2.13.1\gson-2.13.1.jar;C:\Users\satis\.m2\repository\com\google\errorprone\error_prone_annotations\2.38.0\error_prone_annotations-2.38.0.jar;"/>
    <property name="java.vm.vendor" value="Oracle Corporation"/>
    <property name="sun.arch.data.model" value="64"/>
    <property name="user.variant" value=""/>
    <property name="java.vendor.url" value="https://java.oracle.com/"/>
    <property name="user.timezone" value="Asia/Calcutta"/>
    <property name="os.name" value="Windows 10"/>
    <property name="java.vm.specification.version" value="17"/>
    <property name="sun.java.launcher" value="SUN_STANDARD"/>
    <property name="user.country" value="IN"/>
    <property name="sun.boot.library.path" value="C:\Program Files\Java\jdk-17\bin"/>
    <property name="sun.java.command" value="C:\Users\satis\AppData\Local\Temp\surefire3115456722723465016\surefirebooter-20250709023331289_3.jar C:\Users\satis\AppData\Local\Temp\surefire3115456722723465016 2025-07-09T02-33-31_131-jvmRun1 surefire-20250709023331289_1tmp surefire_0-20250709023331289_2tmp"/>
    <property name="jdk.debug" value="release"/>
    <property name="surefire.test.class.path" value="D:\GitHub_LocalRepository_JULY2025\RestAssuredFramework\target\test-classes;D:\GitHub_LocalRepository_JULY2025\RestAssuredFramework\target\classes;C:\Users\satis\.m2\repository\io\rest-assured\rest-assured\5.5.5\rest-assured-5.5.5.jar;C:\Users\satis\.m2\repository\org\apache\groovy\groovy\4.0.22\groovy-4.0.22.jar;C:\Users\satis\.m2\repository\org\apache\groovy\groovy-xml\4.0.22\groovy-xml-4.0.22.jar;C:\Users\satis\.m2\repository\org\apache\httpcomponents\httpclient\4.5.13\httpclient-4.5.13.jar;C:\Users\satis\.m2\repository\org\apache\httpcomponents\httpcore\4.4.13\httpcore-4.4.13.jar;C:\Users\satis\.m2\repository\commons-logging\commons-logging\1.2\commons-logging-1.2.jar;C:\Users\satis\.m2\repository\org\apache\httpcomponents\httpmime\4.5.13\httpmime-4.5.13.jar;C:\Users\satis\.m2\repository\org\hamcrest\hamcrest\2.2\hamcrest-2.2.jar;C:\Users\satis\.m2\repository\org\ccil\cowan\tagsoup\tagsoup\1.2.1\tagsoup-1.2.1.jar;C:\Users\satis\.m2\repository\io\rest-assured\json-path\5.5.5\json-path-5.5.5.jar;C:\Users\satis\.m2\repository\org\apache\groovy\groovy-json\4.0.22\groovy-json-4.0.22.jar;C:\Users\satis\.m2\repository\io\rest-assured\rest-assured-common\5.5.5\rest-assured-common-5.5.5.jar;C:\Users\satis\.m2\repository\io\rest-assured\xml-path\5.5.5\xml-path-5.5.5.jar;C:\Users\satis\.m2\repository\org\apache\commons\commons-lang3\3.16.0\commons-lang3-3.16.0.jar;C:\Users\satis\.m2\repository\org\projectlombok\lombok\1.18.38\lombok-1.18.38.jar;C:\Users\satis\.m2\repository\commons-io\commons-io\2.18.0\commons-io-2.18.0.jar;C:\Users\satis\.m2\repository\org\testng\testng\7.11.0\testng-7.11.0.jar;C:\Users\satis\.m2\repository\org\jcommander\jcommander\1.83\jcommander-1.83.jar;C:\Users\satis\.m2\repository\org\webjars\jquery\3.7.1\jquery-3.7.1.jar;C:\Users\satis\.m2\repository\io\qameta\allure\allure-testng\2.29.1\allure-testng-2.29.1.jar;C:\Users\satis\.m2\repository\io\qameta\allure\allure-java-commons\2.29.1\allure-java-commons-2.29.1.jar;C:\Users\satis\.m2\repository\io\qameta\allure\allure-model\2.29.1\allure-model-2.29.1.jar;C:\Users\satis\.m2\repository\io\qameta\allure\allure-test-filter\2.29.1\allure-test-filter-2.29.1.jar;C:\Users\satis\.m2\repository\io\qameta\allure\allure-rest-assured\2.29.1\allure-rest-assured-2.29.1.jar;C:\Users\satis\.m2\repository\io\qameta\allure\allure-attachments\2.29.1\allure-attachments-2.29.1.jar;C:\Users\satis\.m2\repository\com\fasterxml\jackson\core\jackson-core\2.19.1\jackson-core-2.19.1.jar;C:\Users\satis\.m2\repository\com\fasterxml\jackson\core\jackson-databind\2.19.1\jackson-databind-2.19.1.jar;C:\Users\satis\.m2\repository\com\fasterxml\jackson\core\jackson-annotations\2.19.1\jackson-annotations-2.19.1.jar;C:\Users\satis\.m2\repository\org\apache\logging\log4j\log4j-core\2.25.0\log4j-core-2.25.0.jar;C:\Users\satis\.m2\repository\org\apache\logging\log4j\log4j-api\2.25.0\log4j-api-2.25.0.jar;C:\Users\satis\.m2\repository\org\slf4j\slf4j-api\2.0.16\slf4j-api-2.0.16.jar;C:\Users\satis\.m2\repository\org\apache\logging\log4j\log4j-slf4j-impl\2.25.0\log4j-slf4j-impl-2.25.0.jar;C:\Users\satis\.m2\repository\io\rest-assured\json-schema-validator\5.5.5\json-schema-validator-5.5.5.jar;C:\Users\satis\.m2\repository\com\github\java-json-tools\json-schema-validator\2.2.14\json-schema-validator-2.2.14.jar;C:\Users\satis\.m2\repository\com\github\java-json-tools\jackson-coreutils-equivalence\1.0\jackson-coreutils-equivalence-1.0.jar;C:\Users\satis\.m2\repository\com\github\java-json-tools\jackson-coreutils\2.0\jackson-coreutils-2.0.jar;C:\Users\satis\.m2\repository\com\github\java-json-tools\msg-simple\1.2\msg-simple-1.2.jar;C:\Users\satis\.m2\repository\com\github\java-json-tools\btf\1.3\btf-1.3.jar;C:\Users\satis\.m2\repository\com\github\java-json-tools\json-schema-core\1.2.14\json-schema-core-1.2.14.jar;C:\Users\satis\.m2\repository\com\github\java-json-tools\uri-template\0.10\uri-template-0.10.jar;C:\Users\satis\.m2\repository\org\mozilla\rhino\1.7.7.2\rhino-1.7.7.2.jar;C:\Users\satis\.m2\repository\com\sun\mail\mailapi\1.6.2\mailapi-1.6.2.jar;C:\Users\satis\.m2\repository\joda-time\joda-time\2.10.5\joda-time-2.10.5.jar;C:\Users\satis\.m2\repository\com\googlecode\libphonenumber\libphonenumber\8.11.1\libphonenumber-8.11.1.jar;C:\Users\satis\.m2\repository\com\google\code\findbugs\jsr305\3.0.2\jsr305-3.0.2.jar;C:\Users\satis\.m2\repository\net\sf\jopt-simple\jopt-simple\5.0.4\jopt-simple-5.0.4.jar;C:\Users\satis\.m2\repository\com\google\guava\guava\33.2.1-jre\guava-33.2.1-jre.jar;C:\Users\satis\.m2\repository\com\google\guava\failureaccess\1.0.2\failureaccess-1.0.2.jar;C:\Users\satis\.m2\repository\com\google\guava\listenablefuture\9999.0-empty-to-avoid-conflict-with-guava\listenablefuture-9999.0-empty-to-avoid-conflict-with-guava.jar;C:\Users\satis\.m2\repository\org\checkerframework\checker-qual\3.42.0\checker-qual-3.42.0.jar;C:\Users\satis\.m2\repository\com\google\j2objc\j2objc-annotations\3.0.0\j2objc-annotations-3.0.0.jar;C:\Users\satis\.m2\repository\org\apache\poi\poi\5.3.0\poi-5.3.0.jar;C:\Users\satis\.m2\repository\commons-codec\commons-codec\1.17.0\commons-codec-1.17.0.jar;C:\Users\satis\.m2\repository\org\apache\commons\commons-collections4\4.4\commons-collections4-4.4.jar;C:\Users\satis\.m2\repository\org\apache\commons\commons-math3\3.6.1\commons-math3-3.6.1.jar;C:\Users\satis\.m2\repository\com\zaxxer\SparseBitSet\1.3\SparseBitSet-1.3.jar;C:\Users\satis\.m2\repository\org\apache\poi\poi-ooxml\5.3.0\poi-ooxml-5.3.0.jar;C:\Users\satis\.m2\repository\org\apache\poi\poi-ooxml-lite\5.3.0\poi-ooxml-lite-5.3.0.jar;C:\Users\satis\.m2\repository\org\apache\xmlbeans\xmlbeans\5.2.1\xmlbeans-5.2.1.jar;C:\Users\satis\.m2\repository\org\apache\commons\commons-compress\1.26.2\commons-compress-1.26.2.jar;C:\Users\satis\.m2\repository\com\github\virtuald\curvesapi\1.08\curvesapi-1.08.jar;C:\Users\satis\.m2\repository\org\apache\logging\log4j\log4j-slf4j2-impl\2.24.3\log4j-slf4j2-impl-2.24.3.jar;C:\Users\satis\.m2\repository\com\github\javafaker\javafaker\1.0.2\javafaker-1.0.2.jar;C:\Users\satis\.m2\repository\org\yaml\snakeyaml\1.23\snakeyaml-1.23-android.jar;C:\Users\satis\.m2\repository\com\github\mifmif\generex\1.0.2\generex-1.0.2.jar;C:\Users\satis\.m2\repository\dk\brics\automaton\automaton\1.11-8\automaton-1.11-8.jar;C:\Users\satis\.m2\repository\org\freemarker\freemarker\2.3.34\freemarker-2.3.34.jar;C:\Users\satis\.m2\repository\com\google\code\gson\gson\2.13.1\gson-2.13.1.jar;C:\Users\satis\.m2\repository\com\google\errorprone\error_prone_annotations\2.38.0\error_prone_annotations-2.38.0.jar;"/>
    <property name="sun.cpu.endian" value="little"/>
    <property name="user.home" value="C:\Users\satis"/>
    <property name="user.language" value="en"/>
    <property name="java.specification.vendor" value="Oracle Corporation"/>
    <property name="java.version.date" value="2024-07-16"/>
    <property name="java.home" value="C:\Program Files\Java\jdk-17"/>
    <property name="file.separator" value="\"/>
    <property name="basedir" value="D:\GitHub_LocalRepository_JULY2025\RestAssuredFramework"/>
    <property name="java.vm.compressedOopsMode" value="Zero based"/>
    <property name="line.separator" value="&#10;"/>
    <property name="java.vm.specification.vendor" value="Oracle Corporation"/>
    <property name="java.specification.name" value="Java Platform API Specification"/>
    <property name="surefire.real.class.path" value="C:\Users\satis\AppData\Local\Temp\surefire3115456722723465016\surefirebooter-20250709023331289_3.jar"/>
    <property name="user.script" value=""/>
    <property name="sun.management.compiler" value="HotSpot 64-Bit Tiered Compilers"/>
    <property name="java.runtime.version" value="17.0.12+8-LTS-286"/>
    <property name="user.name" value="satis"/>
    <property name="path.separator" value=";"/>
    <property name="os.version" value="10.0"/>
    <property name="java.runtime.name" value="Java(TM) SE Runtime Environment"/>
    <property name="file.encoding" value="Cp1252"/>
    <property name="java.vm.name" value="Java HotSpot(TM) 64-Bit Server VM"/>
    <property name="localRepository" value="C:\Users\satis\.m2\repository"/>
    <property name="java.vendor.url.bug" value="https://bugreport.java.com/bugreport/"/>
    <property name="java.io.tmpdir" value="C:\Users\satis\AppData\Local\Temp\"/>
    <property name="java.version" value="17.0.12"/>
    <property name="user.dir" value="D:\GitHub_LocalRepository_JULY2025\RestAssuredFramework"/>
    <property name="os.arch" value="amd64"/>
    <property name="java.vm.specification.name" value="Java Virtual Machine Specification"/>
    <property name="env" value="dev"/>
    <property name="sun.os.patch.level" value=""/>
    <property name="native.encoding" value="Cp1252"/>
    <property name="java.library.path" value="C:\Program Files\Java\jdk-17\bin;C:\WINDOWS\Sun\Java\bin;C:\WINDOWS\system32;C:\WINDOWS;C:/Users/satis/.p2/pool/plugins/org.eclipse.justj.openjdk.hotspot.jre.full.win32.x86_64_21.0.7.v20250502-0916/jre/bin/server;C:/Users/satis/.p2/pool/plugins/org.eclipse.justj.openjdk.hotspot.jre.full.win32.x86_64_21.0.7.v20250502-0916/jre/bin;C:\Program Files\Java\jdk-17\bin;D:\VMware\VMware Workstation\bin\;C:\Program Files\Eclipse Adoptium\jdk-11.0.24.8-hotspot\bin;C:\Program Files\Common Files\Oracle\Java\javapath;C:\WINDOWS\system32;C:\WINDOWS;C:\WINDOWS\System32\Wbem;C:\WINDOWS\System32\WindowsPowerShell\v1.0\;C:\WINDOWS\System32\OpenSSH\;C:\Program Files (x86)\Groovy\bin;C:\Program Files\MySQL\MySQL Server 8.0\bin;C:\Program Files\Maven\apache-maven-3.9.6\bin;C:\Program Files\apache-jmeter-5.6.2\apache-jmeter-5.6.2\bin;C:\Program Files\Kubectl;C:\ProgramData\chocolatey\bin;C:\Program Files\dotnet\;C:\Program Files\Java\jdk-17\bin;C:\Program Files\Java\jdk-17\jre\bin;C:\Program Files\allure-2.32.0\bin;C:\Users\satis\AppData\Local\nvm;C:\nvm4w\nodejs;C:\nvm4w;C:\Program Files\NGROK;C:\Program Files\CMake\bin;C:\Program Files\CMake\bin;C:\Program Files (x86)\Microsoft Visual Studio\2022\BuildTools\VC\Tools\MSVC\14.44.35207\bin\Hostx64\x64;C:\ffmpeg\ffmpeg-7.1.1-essentials_build\bin;C:\Program Files\Git\cmd;C:\Program Files\Docker\Docker\resources\bin;C:\Users\satis\AppData\Local\Programs\Python\Python313\Scripts\;C:\Users\satis\AppData\Local\Programs\Python\Python313\;C:\Users\satis\AppData\Local\Programs\Python\Python312\Scripts\;C:\Users\satis\AppData\Local\Programs\Python\Python312\;C:\Program Files\MySQL\MySQL Shell 8.0\bin\;C:\Users\satis\AppData\Local\Microsoft\WindowsApps;C:\Users\satis\AppData\Local\Programs\Microsoft VS Code\bin;C:\Users\satis\AppData\Local\GitHubDesktop\bin;C:\Program Files\allure-2.28.0\bin;C:\Program Files\JetBrains\IntelliJ IDEA 2024.1.4\bin;;C:\Users\satis\AppData\Roaming\npm;C:\Program Files\JetBrains\IntelliJ IDEA Community Edition 2024.3.1\bin;;C:\Program Files\allure-2.32.0\bin;C:\Users\satis\AppData\Local\nvm;C:\nvm4w\nodejs;C:\Users\satis\.dotnet\tools;C:\WINDOWS\system32;;."/>
    <property name="java.vm.info" value="mixed mode, sharing"/>
    <property name="java.vendor" value="Oracle Corporation"/>
    <property name="java.vm.version" value="17.0.12+8-LTS-286"/>
    <property name="sun.io.unicode.encoding" value="UnicodeLittle"/>
    <property name="java.class.version" value="61.0"/>
  </properties>
  <testcase name="testCreateUser_InvalidData_ShouldFail[, missing-name@yahoo.com, male, active, Missing name](1)" classname="com.api.tests.CreateUserTests" time="1.886">
    <system-out><![CDATA[
🚀 STARTING: testCreateUser_InvalidData_ShouldFail
]]></system-out>
  </testcase>
  <testcase name="testCreateUser_InvalidData_ShouldFail[Test User, , female, active, Missing email](2)" classname="com.api.tests.CreateUserTests" time="0.757">
    <system-out><![CDATA[✅ PASSED: testCreateUser_InvalidData_ShouldFail
--------------------------------------------------

🚀 STARTING: testCreateUser_InvalidData_ShouldFail
]]></system-out>
  </testcase>
  <testcase name="testCreateUser_InvalidData_ShouldFail[Test User, not-an-email, female, active, Invalid email format](3)" classname="com.api.tests.CreateUserTests" time="0.774">
    <system-out><![CDATA[✅ PASSED: testCreateUser_InvalidData_ShouldFail
--------------------------------------------------

🚀 STARTING: testCreateUser_InvalidData_ShouldFail
]]></system-out>
  </testcase>
  <testcase name="testCreateUser_InvalidData_ShouldFail[Test User, bad-gender@gmail.com, unknown, active, Invalid gender](4)" classname="com.api.tests.CreateUserTests" time="1.046">
    <system-out><![CDATA[✅ PASSED: testCreateUser_InvalidData_ShouldFail
--------------------------------------------------

🚀 STARTING: testCreateUser_InvalidData_ShouldFail
]]></system-out>
  </testcase>
  <testcase name="testCreateUser_InvalidData_ShouldFail[Test User, bad-status@yahoo.com, male, running, Invalid status](5)" classname="com.api.tests.CreateUserTests" time="1.036">
    <system-out><![CDATA[✅ PASSED: testCreateUser_InvalidData_ShouldFail
--------------------------------------------------

🚀 STARTING: testCreateUser_InvalidData_ShouldFail
]]></system-out>
  </testcase>
  <testcase name="testCreateUser_ValidData_ShouldSucceed" classname="com.api.tests.CreateUserTests" time="1.247">
    <system-out><![CDATA[✅ PASSED: testCreateUser_InvalidData_ShouldFail
--------------------------------------------------

🚀 STARTING: testCreateUser_ValidData_ShouldSucceed
]]></system-out>
  </testcase>
  <testcase name="testGetAllUsers_ShouldReturnUserList" classname="com.api.tests.GetUserTests" time="1.151">
    <system-out><![CDATA[✅ PASSED: testCreateUser_ValidData_ShouldSucceed
--------------------------------------------------

🚀 STARTING: testGetAllUsers_ShouldReturnUserList
]]></system-out>
  </testcase>
  <testcase name="testGetSingleUser_InvalidId_ShouldReturn404" classname="com.api.tests.GetUserTests" time="1.021">
    <system-out><![CDATA[✅ PASSED: testGetAllUsers_ShouldReturnUserList
--------------------------------------------------

🚀 STARTING: testGetSingleUser_InvalidId_ShouldReturn404
]]></system-out>
  </testcase>
  <testcase name="testGetSingleUser_ValidId_ShouldReturnUser" classname="com.api.tests.GetUserTests" time="1.385">
    <system-out><![CDATA[✅ PASSED: testGetSingleUser_InvalidId_ShouldReturn404
--------------------------------------------------

🚀 STARTING: testGetSingleUser_ValidId_ShouldReturnUser
]]></system-out>
  </testcase>
  <testcase name="testUpdateUser_InvalidEmail_ShouldReturn422" classname="com.api.tests.UpdateUserTests" time="2.1">
    <system-out><![CDATA[✅ PASSED: testGetSingleUser_ValidId_ShouldReturnUser
--------------------------------------------------

🚀 STARTING: testUpdateUser_InvalidEmail_ShouldReturn422
]]></system-out>
  </testcase>
  <testcase name="testUpdateUser_InvalidId_ShouldReturn404" classname="com.api.tests.UpdateUserTests" time="0.985">
    <system-out><![CDATA[✅ PASSED: testUpdateUser_InvalidEmail_ShouldReturn422
--------------------------------------------------

🚀 STARTING: testUpdateUser_InvalidId_ShouldReturn404
]]></system-out>
  </testcase>
  <testcase name="testUpdateUser_ValidData_ShouldSucceed" classname="com.api.tests.UpdateUserTests" time="2.077">
    <system-out><![CDATA[✅ PASSED: testUpdateUser_InvalidId_ShouldReturn404
--------------------------------------------------

🚀 STARTING: testUpdateUser_ValidData_ShouldSucceed
]]></system-out>
  </testcase>
  <testcase name="testDeleteUser_InvalidId_ShouldReturn404" classname="com.api.tests.DeleteUserTests" time="1.021">
    <system-out><![CDATA[✅ PASSED: testUpdateUser_ValidData_ShouldSucceed
--------------------------------------------------

🚀 STARTING: testDeleteUser_InvalidId_ShouldReturn404
]]></system-out>
  </testcase>
  <testcase name="testDeleteUser_Twice_ShouldReturn404OnSecondAttempt" classname="com.api.tests.DeleteUserTests" time="2.802">
    <system-out><![CDATA[✅ PASSED: testDeleteUser_InvalidId_ShouldReturn404
--------------------------------------------------

🚀 STARTING: testDeleteUser_Twice_ShouldReturn404OnSecondAttempt
]]></system-out>
  </testcase>
  <testcase name="testDeleteUser_ValidId_ShouldSucceed" classname="com.api.tests.DeleteUserTests" time="2.166">
    <system-out><![CDATA[✅ PASSED: testDeleteUser_Twice_ShouldReturn404OnSecondAttempt
--------------------------------------------------

🚀 STARTING: testDeleteUser_ValidId_ShouldSucceed
]]></system-out>
  </testcase>
  <testcase name="testCreatePost_ShouldSucceed" classname="com.api.tests.CreatePostTests" time="1.059">
    <system-out><![CDATA[✅ PASSED: testDeleteUser_ValidId_ShouldSucceed
--------------------------------------------------

🚀 STARTING: testCreatePost_ShouldSucceed
]]></system-out>
  </testcase>
  <testcase name="testGetAllPosts_ShouldReturnList" classname="com.api.tests.GetPostTests" time="1.08">
    <system-out><![CDATA[✅ PASSED: testCreatePost_ShouldSucceed
--------------------------------------------------

🚀 STARTING: testGetAllPosts_ShouldReturnList
]]></system-out>
  </testcase>
  <testcase name="testGetPostById_ShouldReturnCorrectPost" classname="com.api.tests.GetPostTests" time="1.198">
    <system-out><![CDATA[✅ PASSED: testGetAllPosts_ShouldReturnList
--------------------------------------------------

🚀 STARTING: testGetPostById_ShouldReturnCorrectPost
]]></system-out>
  </testcase>
  <testcase name="testGetPostByInvalidId_ShouldReturn404" classname="com.api.tests.GetPostTests" time="1.025">
    <system-out><![CDATA[✅ PASSED: testGetPostById_ShouldReturnCorrectPost
--------------------------------------------------

🚀 STARTING: testGetPostByInvalidId_ShouldReturn404
]]></system-out>
  </testcase>
  <testcase name="testUpdatePostWithEmptyPayload_ShouldReturn422" classname="com.api.tests.UpdatePostTests" time="0.74">
    <system-out><![CDATA[✅ PASSED: testGetPostByInvalidId_ShouldReturn404
--------------------------------------------------

🚀 STARTING: testUpdatePostWithEmptyPayload_ShouldReturn422
]]></system-out>
  </testcase>
  <testcase name="testUpdatePostWithInvalidId_ShouldReturn404" classname="com.api.tests.UpdatePostTests" time="0.98">
    <system-out><![CDATA[✅ PASSED: testUpdatePostWithEmptyPayload_ShouldReturn422
--------------------------------------------------

🚀 STARTING: testUpdatePostWithInvalidId_ShouldReturn404
]]></system-out>
  </testcase>
  <testcase name="testUpdatePostWithoutAuthToken_ShouldReturn401or404" classname="com.api.tests.UpdatePostTests" time="1.005">
    <system-out><![CDATA[✅ PASSED: testUpdatePostWithInvalidId_ShouldReturn404
--------------------------------------------------

🚀 STARTING: testUpdatePostWithoutAuthToken_ShouldReturn401or404
]]></system-out>
  </testcase>
  <testcase name="testUpdatePost_ShouldSucceed" classname="com.api.tests.UpdatePostTests" time="1.093">
    <system-out><![CDATA[✅ PASSED: testUpdatePostWithoutAuthToken_ShouldReturn401or404
--------------------------------------------------

🚀 STARTING: testUpdatePost_ShouldSucceed
]]></system-out>
  </testcase>
  <testcase name="testDeletePostWithInvalidId_ShouldReturn404" classname="com.api.tests.DeletePostTests" time="1.033">
    <system-out><![CDATA[✅ PASSED: testUpdatePost_ShouldSucceed
--------------------------------------------------

🚀 STARTING: testDeletePostWithInvalidId_ShouldReturn404
]]></system-out>
  </testcase>
  <testcase name="testDeletePostWithoutAuthToken_ShouldReturnUnauthorizedOrNotFound" classname="com.api.tests.DeletePostTests" time="2.048">
    <system-out><![CDATA[✅ PASSED: testDeletePostWithInvalidId_ShouldReturn404
--------------------------------------------------

🚀 STARTING: testDeletePostWithoutAuthToken_ShouldReturnUnauthorizedOrNotFound
]]></system-out>
  </testcase>
  <testcase name="testDeletePost_ShouldSucceed" classname="com.api.tests.DeletePostTests" time="1.07">
    <system-out><![CDATA[✅ PASSED: testDeletePostWithoutAuthToken_ShouldReturnUnauthorizedOrNotFound
--------------------------------------------------

🚀 STARTING: testDeletePost_ShouldSucceed
]]></system-out>
  </testcase>
  <testcase name="testDeletePostTwice_ShouldReturn404" classname="com.api.tests.DeletePostTests" time="1.07">
    <system-out><![CDATA[✅ PASSED: testDeletePost_ShouldSucceed
--------------------------------------------------

🚀 STARTING: testDeletePostTwice_ShouldReturn404
]]></system-out>
  </testcase>
  <testcase name="testGetDeletedPost_ShouldReturn404" classname="com.api.tests.DeletePostTests" time="1.007">
    <system-out><![CDATA[✅ PASSED: testDeletePostTwice_ShouldReturn404
--------------------------------------------------

🚀 STARTING: testGetDeletedPost_ShouldReturn404
]]></system-out>
  </testcase>
  <testcase name="testCreateComment_InvalidEmailFormat_ShouldFail" classname="com.api.tests.CreateCommentTests" time="1.031">
    <system-out><![CDATA[✅ PASSED: testGetDeletedPost_ShouldReturn404
--------------------------------------------------

🚀 STARTING: testCreateComment_InvalidEmailFormat_ShouldFail
]]></system-out>
  </testcase>
  <testcase name="testCreateComment_InvalidPostId_ShouldFail" classname="com.api.tests.CreateCommentTests" time="0.999">
    <system-out><![CDATA[✅ PASSED: testCreateComment_InvalidEmailFormat_ShouldFail
--------------------------------------------------

🚀 STARTING: testCreateComment_InvalidPostId_ShouldFail
]]></system-out>
  </testcase>
  <testcase name="testCreateComment_MissingBody_ShouldFail" classname="com.api.tests.CreateCommentTests" time="1.007">
    <system-out><![CDATA[✅ PASSED: testCreateComment_InvalidPostId_ShouldFail
--------------------------------------------------

🚀 STARTING: testCreateComment_MissingBody_ShouldFail
]]></system-out>
  </testcase>
  <testcase name="testCreateComment_MissingEmail_ShouldFail" classname="com.api.tests.CreateCommentTests" time="0.705">
    <system-out><![CDATA[✅ PASSED: testCreateComment_MissingBody_ShouldFail
--------------------------------------------------

🚀 STARTING: testCreateComment_MissingEmail_ShouldFail
]]></system-out>
  </testcase>
  <testcase name="testCreateComment_MissingName_ShouldFail" classname="com.api.tests.CreateCommentTests" time="0.755">
    <system-out><![CDATA[✅ PASSED: testCreateComment_MissingEmail_ShouldFail
--------------------------------------------------

🚀 STARTING: testCreateComment_MissingName_ShouldFail
]]></system-out>
  </testcase>
  <testcase name="testCreateComment_ValidData_ShouldSucceed" classname="com.api.tests.CreateCommentTests" time="0.754">
    <system-out><![CDATA[✅ PASSED: testCreateComment_MissingName_ShouldFail
--------------------------------------------------

🚀 STARTING: testCreateComment_ValidData_ShouldSucceed
]]></system-out>
  </testcase>
  <testcase name="testGetAllCommentsForPost_ShouldReturnList" classname="com.api.tests.GetCommentTests" time="1.04">
    <system-out><![CDATA[✅ PASSED: testCreateComment_ValidData_ShouldSucceed
--------------------------------------------------

🚀 STARTING: testGetAllCommentsForPost_ShouldReturnList
]]></system-out>
  </testcase>
  <testcase name="testGetCommentById_ShouldReturnCorrectComment" classname="com.api.tests.GetCommentTests" time="0.709">
    <system-out><![CDATA[✅ PASSED: testGetAllCommentsForPost_ShouldReturnList
--------------------------------------------------

🚀 STARTING: testGetCommentById_ShouldReturnCorrectComment
]]></system-out>
  </testcase>
  <testcase name="testGetCommentByInvalidId_ShouldReturn404" classname="com.api.tests.GetCommentTests" time="0.985">
    <system-out><![CDATA[✅ PASSED: testGetCommentById_ShouldReturnCorrectComment
--------------------------------------------------

🚀 STARTING: testGetCommentByInvalidId_ShouldReturn404
]]></system-out>
  </testcase>
  <testcase name="testUpdateComment_ShouldSucceed" classname="com.api.tests.UpdateCommentTests" time="1.048">
    <system-out><![CDATA[✅ PASSED: testGetCommentByInvalidId_ShouldReturn404
--------------------------------------------------

🚀 STARTING: testUpdateComment_ShouldSucceed
]]></system-out>
  </testcase>
  <testcase name="testDeleteComment_ShouldReturn204" classname="com.api.tests.DeleteCommentTests" time="0.547">
    <system-out><![CDATA[✅ PASSED: testUpdateComment_ShouldSucceed
--------------------------------------------------

🚀 STARTING: testDeleteComment_ShouldReturn204
]]></system-out>
  </testcase>
  <testcase name="testDeleteCommentAgain_ShouldReturn404" classname="com.api.tests.DeleteCommentTests" time="0.504">
    <system-out><![CDATA[✅ PASSED: testDeleteComment_ShouldReturn204
--------------------------------------------------

🚀 STARTING: testDeleteCommentAgain_ShouldReturn404
]]></system-out>
  </testcase>
  <testcase name="testInvalidToken_ShouldReturn401" classname="com.api.tests.security.AuthTokenNegativeTests" time="0.49">
    <system-out><![CDATA[✅ PASSED: testDeleteCommentAgain_ShouldReturn404
--------------------------------------------------

🚀 STARTING: testInvalidToken_ShouldReturn401
]]></system-out>
  </testcase>
  <testcase name="testMissingToken_ShouldReturn401Or404" classname="com.api.tests.security.AuthTokenNegativeTests" time="0.504">
    <system-out><![CDATA[✅ PASSED: testInvalidToken_ShouldReturn401
--------------------------------------------------

🚀 STARTING: testMissingToken_ShouldReturn401Or404
]]></system-out>
  </testcase>
</testsuite>