<?xml version="1.0" encoding="UTF-8"?>
<!-- Generated by org.testng.reporters.JUnitReportReporter -->
<testsuite hostname="DESKTOP-TFUFUVK" failures="0" tests="3" name="com.api.tests.GetPostTests" time="2.058" errors="0" timestamp="2025-07-07T11:07:30 IST" skipped="0">
  <testcase classname="com.api.tests.GetPostTests" name="testGetPostByInvalidId_ShouldReturn404" time="0.678"/>
  <testcase classname="com.api.tests.GetPostTests" name="testGetAllPosts_ShouldReturnList" time="0.836"/>
  <testcase classname="com.api.tests.GetPostTests" name="testGetPostById_ShouldReturnCorrectPost" time="0.544"/>
</testsuite> <!-- com.api.tests.GetPostTests -->
