<?xml version="1.0" encoding="UTF-8"?>
<!-- Generated by org.testng.reporters.JUnitReportReporter -->
<testsuite hostname="DESKTOP-TFUFUVK" failures="0" tests="1" name="com.api.tests.UpdateCommentTests" time="0.792" errors="0" timestamp="2025-07-07T11:07:30 IST" skipped="0">
  <testcase classname="com.api.tests.UpdateCommentTests" name="testUpdateComment_ShouldSucceed" time="0.792"/>
</testsuite> <!-- com.api.tests.UpdateCommentTests -->
