<?xml version="1.0" encoding="UTF-8"?>
<!-- Generated by org.testng.reporters.JUnitReportReporter -->
<testsuite hostname="DESKTOP-TFUFUVK" failures="0" tests="3" name="com.api.tests.security.AuthTokenNegativeTests" time="1.130" errors="0" timestamp="2025-07-07T11:07:30 IST" skipped="1">
  <testcase classname="com.api.tests.security.AuthTokenNegativeTests" name="testMissingToken_ShouldReturn401" time="0.511"/>
  <testcase classname="com.api.tests.security.AuthTokenNegativeTests" name="testInvalidToken_ShouldReturn401" time="0.619"/>
  <testcase classname="com.api.tests.security.AuthTokenNegativeTests" name="testExpiredToken_ShouldReturn401or403">
    <skipped/>
  </testcase> <!-- testExpiredToken_ShouldReturn401or403 -->
</testsuite> <!-- com.api.tests.security.AuthTokenNegativeTests -->
