<?xml version="1.0" encoding="UTF-8"?>
<!-- Generated by org.testng.reporters.JUnitReportReporter -->
<testsuite hostname="DESKTOP-TFUFUVK" failures="0" tests="3" name="com.api.tests.DeleteUserTests" time="6.564" errors="0" timestamp="2025-07-07T11:07:30 IST" skipped="0">
  <testcase classname="com.api.tests.DeleteUserTests" name="testDeleteUser_Twice_ShouldReturn404OnSecondAttempt" time="4.842"/>
  <testcase classname="com.api.tests.DeleteUserTests" name="testDeleteUser_InvalidId_ShouldReturn404" time="0.768"/>
  <testcase classname="com.api.tests.DeleteUserTests" name="testDeleteUser_ValidId_ShouldSucceed" time="0.954"/>
</testsuite> <!-- com.api.tests.DeleteUserTests -->
