<?xml version="1.0" encoding="UTF-8"?>
<!-- Generated by org.testng.reporters.JUnitReportReporter -->
<testsuite hostname="DESKTOP-TFUFUVK" failures="0" tests="4" name="com.api.tests.UpdatePostTests" time="2.835" errors="0" timestamp="2025-07-07T11:07:30 IST" skipped="0">
  <testcase classname="com.api.tests.UpdatePostTests" name="testUpdatePostWithoutAuthToken_ShouldReturn401or404" time="0.916"/>
  <testcase classname="com.api.tests.UpdatePostTests" name="testUpdatePost_ShouldSucceed" time="1.004"/>
  <testcase classname="com.api.tests.UpdatePostTests" name="testUpdatePostWithEmptyPayload_ShouldReturn422" time="0.590"/>
  <testcase classname="com.api.tests.UpdatePostTests" name="testUpdatePostWithInvalidId_ShouldReturn404" time="0.325"/>
</testsuite> <!-- com.api.tests.UpdatePostTests -->
