<?xml version="1.0" encoding="UTF-8"?>
<!-- Generated by org.testng.reporters.JUnitReportReporter -->
<testsuite hostname="DESKTOP-TFUFUVK" failures="0" tests="3" name="com.api.tests.UpdateUserTests" time="6.341" errors="0" timestamp="2025-07-07T11:07:30 IST" skipped="0">
  <testcase classname="com.api.tests.UpdateUserTests" name="testUpdateUser_InvalidEmail_ShouldReturn422" time="1.593"/>
  <testcase classname="com.api.tests.UpdateUserTests" name="testUpdateUser_InvalidId_ShouldReturn404" time="0.736"/>
  <testcase classname="com.api.tests.UpdateUserTests" name="testUpdateUser_ValidData_ShouldSucceed" time="4.012"/>
</testsuite> <!-- com.api.tests.UpdateUserTests -->
