<?xml version="1.0" encoding="UTF-8"?>
<!-- Generated by org.testng.reporters.JUnitReportReporter -->
<testsuite hostname="DESKTOP-TFUFUVK" failures="0" tests="3" name="com.api.tests.GetCommentTests" time="1.915" errors="0" timestamp="2025-07-07T11:07:30 IST" skipped="0">
  <testcase classname="com.api.tests.GetCommentTests" name="testGetCommentByInvalidId_ShouldReturn404" time="0.599"/>
  <testcase classname="com.api.tests.GetCommentTests" name="testGetAllCommentsForPost_ShouldReturnList" time="0.356"/>
  <testcase classname="com.api.tests.GetCommentTests" name="testGetCommentById_ShouldReturnCorrectComment" time="0.960"/>
</testsuite> <!-- com.api.tests.GetCommentTests -->
