<?xml version="1.0" encoding="UTF-8"?>
<!-- Generated by org.testng.reporters.JUnitReportReporter -->
<testsuite hostname="DESKTOP-TFUFUVK" failures="0" tests="6" name="com.api.tests.CreateCommentTests" time="4.440" errors="0" timestamp="2025-07-07T11:07:30 IST" skipped="0">
  <testcase classname="com.api.tests.CreateCommentTests" name="testCreateComment_MissingBody_ShouldReturn422" time="0.894"/>
  <testcase classname="com.api.tests.CreateCommentTests" name="testCreateComment_MissingEmail_ShouldReturn422" time="0.695"/>
  <testcase classname="com.api.tests.CreateCommentTests" name="testCreateComment_InvalidPostId_ShouldReturn422" time="0.342"/>
  <testcase classname="com.api.tests.CreateCommentTests" name="testCreateComment_InvalidEmail_ShouldReturn422" time="0.983"/>
  <testcase classname="com.api.tests.CreateCommentTests" name="testCreateComment_MissingName_ShouldReturn422" time="0.728"/>
  <testcase classname="com.api.tests.CreateCommentTests" name="testCreateComment_ShouldSucceed" time="0.798"/>
</testsuite> <!-- com.api.tests.CreateCommentTests -->
