<?xml version="1.0" encoding="UTF-8"?>
<!-- Generated by org.testng.reporters.JUnitReportReporter -->
<testsuite hostname="DESKTOP-TFUFUVK" failures="0" tests="2" name="com.api.tests.DeleteCommentTests" time="1.825" errors="0" timestamp="2025-07-07T11:07:30 IST" skipped="0">
  <testcase classname="com.api.tests.DeleteCommentTests" name="testDeleteComment_ShouldReturn204" time="0.937"/>
  <testcase classname="com.api.tests.DeleteCommentTests" name="testDeleteCommentAgain_ShouldReturn404" time="0.888"/>
</testsuite> <!-- com.api.tests.DeleteCommentTests -->
