<?xml version="1.0" encoding="UTF-8"?>
<!-- Generated by org.testng.reporters.JUnitReportReporter -->
<testsuite hostname="DESKTOP-TFUFUVK" failures="0" tests="1" name="com.api.tests.CreatePostTests" time="1.056" errors="0" timestamp="2025-07-09T02:34:38 IST" skipped="0">
  <testcase classname="com.api.tests.CreatePostTests" name="testCreatePost_ShouldSucceed" time="1.056"/>
</testsuite> <!-- com.api.tests.CreatePostTests -->
