<?xml version="1.0" encoding="UTF-8"?>
<!-- Generated by org.testng.reporters.JUnitReportReporter -->
<testsuite hostname="DESKTOP-TFUFUVK" failures="0" tests="3" name="com.api.tests.GetCommentTests" time="2.914" errors="0" timestamp="2025-07-08T22:54:57 IST" skipped="0">
  <testcase classname="com.api.tests.GetCommentTests" name="testGetAllCommentsForPost_ShouldReturnList" time="1.029"/>
  <testcase classname="com.api.tests.GetCommentTests" name="testGetCommentById_ShouldReturnCorrectComment" time="0.698"/>
  <testcase classname="com.api.tests.GetCommentTests" name="testGetCommentByInvalidId_ShouldReturn404" time="1.187"/>
</testsuite> <!-- com.api.tests.GetCommentTests -->
