<?xml version="1.0" encoding="UTF-8"?>
<!-- Generated by org.testng.reporters.JUnitReportReporter -->
<testsuite hostname="DESKTOP-TFUFUVK" failures="0" tests="6" name="com.api.tests.CreateCommentTests" time="5.209" errors="0" timestamp="2025-07-08T22:54:57 IST" skipped="0">
  <testcase classname="com.api.tests.CreateCommentTests" name="testCreateComment_MissingName_ShouldFail" time="0.699"/>
  <testcase classname="com.api.tests.CreateCommentTests" name="testCreateComment_InvalidEmailFormat_ShouldFail" time="0.675"/>
  <testcase classname="com.api.tests.CreateCommentTests" name="testCreateComment_InvalidPostId_ShouldFail" time="1.015"/>
  <testcase classname="com.api.tests.CreateCommentTests" name="testCreateComment_ValidData_ShouldSucceed" time="0.733"/>
  <testcase classname="com.api.tests.CreateCommentTests" name="testCreateComment_MissingBody_ShouldFail" time="1.060"/>
  <testcase classname="com.api.tests.CreateCommentTests" name="testCreateComment_MissingEmail_ShouldFail" time="1.027"/>
</testsuite> <!-- com.api.tests.CreateCommentTests -->
