<?xml version="1.0" encoding="UTF-8"?>
<!-- Generated by org.testng.reporters.JUnitReportReporter -->
<testsuite hostname="DESKTOP-TFUFUVK" failures="0" tests="6" name="com.api.tests.CreateCommentTests" time="5.253" errors="0" timestamp="2025-07-09T02:34:38 IST" skipped="0">
  <testcase classname="com.api.tests.CreateCommentTests" name="testCreateComment_MissingEmail_ShouldFail" time="0.704"/>
  <testcase classname="com.api.tests.CreateCommentTests" name="testCreateComment_MissingBody_ShouldFail" time="1.007"/>
  <testcase classname="com.api.tests.CreateCommentTests" name="testCreateComment_InvalidPostId_ShouldFail" time="1.001"/>
  <testcase classname="com.api.tests.CreateCommentTests" name="testCreateComment_InvalidEmailFormat_ShouldFail" time="1.031"/>
  <testcase classname="com.api.tests.CreateCommentTests" name="testCreateComment_ValidData_ShouldSucceed" time="0.754"/>
  <testcase classname="com.api.tests.CreateCommentTests" name="testCreateComment_MissingName_ShouldFail" time="0.756"/>
</testsuite> <!-- com.api.tests.CreateCommentTests -->
