<?xml version="1.0" encoding="UTF-8"?>
<!-- Generated by org.testng.reporters.JUnitReportReporter -->
<testsuite hostname="DESKTOP-TFUFUVK" failures="0" tests="3" name="com.api.tests.GetUserTests" time="3.240" errors="0" timestamp="2025-07-08T22:54:57 IST" skipped="0">
  <testcase classname="com.api.tests.GetUserTests" name="testGetSingleUser_ValidId_ShouldReturnUser" time="1.005"/>
  <testcase classname="com.api.tests.GetUserTests" name="testGetAllUsers_ShouldReturnUserList" time="1.150"/>
  <testcase classname="com.api.tests.GetUserTests" name="testGetSingleUser_InvalidId_ShouldReturn404" time="1.085"/>
</testsuite> <!-- com.api.tests.GetUserTests -->
