<?xml version="1.0" encoding="UTF-8"?>
<!-- Generated by org.testng.reporters.JUnitReportReporter -->
<testsuite hostname="DESKTOP-TFUFUVK" failures="0" tests="4" name="com.api.tests.UpdatePostTests" time="3.817" errors="0" timestamp="2025-07-09T02:34:38 IST" skipped="0">
  <testcase classname="com.api.tests.UpdatePostTests" name="testUpdatePost_ShouldSucceed" time="1.093"/>
  <testcase classname="com.api.tests.UpdatePostTests" name="testUpdatePostWithEmptyPayload_ShouldReturn422" time="0.739"/>
  <testcase classname="com.api.tests.UpdatePostTests" name="testUpdatePostWithInvalidId_ShouldReturn404" time="0.980"/>
  <testcase classname="com.api.tests.UpdatePostTests" name="testUpdatePostWithoutAuthToken_ShouldReturn401or404" time="1.005"/>
</testsuite> <!-- com.api.tests.UpdatePostTests -->
