<?xml version="1.0" encoding="UTF-8"?>
<!-- Generated by org.testng.reporters.JUnitReportReporter -->
<testsuite hostname="DESKTOP-TFUFUVK" failures="0" tests="5" name="com.api.tests.DeletePostTests" time="6.236" errors="0" timestamp="2025-07-09T02:34:38 IST" skipped="0">
  <testcase classname="com.api.tests.DeletePostTests" name="testDeletePostTwice_ShouldReturn404" time="1.072"/>
  <testcase classname="com.api.tests.DeletePostTests" name="testGetDeletedPost_ShouldReturn404" time="1.008"/>
  <testcase classname="com.api.tests.DeletePostTests" name="testDeletePostWithInvalidId_ShouldReturn404" time="1.033"/>
  <testcase classname="com.api.tests.DeletePostTests" name="testDeletePostWithoutAuthToken_ShouldReturnUnauthorizedOrNotFound" time="2.049"/>
  <testcase classname="com.api.tests.DeletePostTests" name="testDeletePost_ShouldSucceed" time="1.074"/>
</testsuite> <!-- com.api.tests.DeletePostTests -->
