<?xml version="1.0" encoding="UTF-8"?>
<!-- Generated by org.testng.reporters.JUnitReportReporter -->
<testsuite hostname="DESKTOP-TFUFUVK" failures="0" tests="3" name="com.api.tests.DeleteUserTests" time="5.857" errors="0" timestamp="2025-07-08T22:54:57 IST" skipped="0">
  <testcase classname="com.api.tests.DeleteUserTests" name="testDeleteUser_Twice_ShouldReturn404OnSecondAttempt" time="2.636"/>
  <testcase classname="com.api.tests.DeleteUserTests" name="testDeleteUser_ValidId_ShouldSucceed" time="2.151"/>
  <testcase classname="com.api.tests.DeleteUserTests" name="testDeleteUser_InvalidId_ShouldReturn404" time="1.070"/>
</testsuite> <!-- com.api.tests.DeleteUserTests -->
