<?xml version="1.0" encoding="UTF-8"?>
<!-- Generated by org.testng.reporters.JUnitReportReporter -->
<testsuite hostname="DESKTOP-TFUFUVK" failures="0" tests="3" name="com.api.tests.security.AuthTokenNegativeTests" time="1.660" errors="0" timestamp="2025-07-08T22:54:57 IST" skipped="1">
  <testcase classname="com.api.tests.security.AuthTokenNegativeTests" name="testInvalidToken_ShouldReturn401" time="0.997"/>
  <testcase classname="com.api.tests.security.AuthTokenNegativeTests" name="testMissingToken_ShouldReturn401Or404" time="0.663"/>
  <testcase classname="com.api.tests.security.AuthTokenNegativeTests" name="testExpiredToken_ShouldReturn401Or403">
    <skipped/>
  </testcase> <!-- testExpiredToken_ShouldReturn401Or403 -->
</testsuite> <!-- com.api.tests.security.AuthTokenNegativeTests -->
