<?xml version="1.0" encoding="UTF-8"?>
<!-- Generated by org.testng.reporters.JUnitReportReporter -->
<testsuite hostname="DESKTOP-TFUFUVK" failures="0" tests="2" name="com.api.tests.DeleteCommentTests" time="2.041" errors="0" timestamp="2025-07-08T22:54:57 IST" skipped="0">
  <testcase classname="com.api.tests.DeleteCommentTests" name="testDeleteCommentAgain_ShouldReturn404" time="0.965"/>
  <testcase classname="com.api.tests.DeleteCommentTests" name="testDeleteComment_ShouldReturn204" time="1.076"/>
</testsuite> <!-- com.api.tests.DeleteCommentTests -->
