<?xml version="1.0" encoding="UTF-8"?>
<!-- Generated by org.testng.reporters.JUnitReportReporter -->
<testsuite hostname="DESKTOP-TFUFUVK" failures="0" tests="5" name="com.api.tests.DeletePostTests" time="5.871" errors="0" timestamp="2025-07-08T22:54:57 IST" skipped="0">
  <testcase classname="com.api.tests.DeletePostTests" name="testDeletePostWithInvalidId_ShouldReturn404" time="1.009"/>
  <testcase classname="com.api.tests.DeletePostTests" name="testDeletePostTwice_ShouldReturn404" time="0.974"/>
  <testcase classname="com.api.tests.DeletePostTests" name="testGetDeletedPost_ShouldReturn404" time="1.149"/>
  <testcase classname="com.api.tests.DeletePostTests" name="testDeletePost_ShouldSucceed" time="1.009"/>
  <testcase classname="com.api.tests.DeletePostTests" name="testDeletePostWithoutAuthToken_ShouldReturnUnauthorizedOrNotFound" time="1.730"/>
</testsuite> <!-- com.api.tests.DeletePostTests -->
