<?xml version="1.0" encoding="UTF-8"?>
<!-- Generated by org.testng.reporters.JUnitReportReporter -->
<testsuite hostname="DESKTOP-TFUFUVK" failures="0" tests="6" name="com.api.tests.CreateUserTests" time="6.751" errors="0" timestamp="2025-07-09T02:34:38 IST" skipped="0">
  <testcase classname="com.api.tests.CreateUserTests" name="testCreateUser_InvalidData_ShouldFail" time="0.775"/>
  <testcase classname="com.api.tests.CreateUserTests" name="testCreateUser_ValidData_ShouldSucceed" time="1.248"/>
  <testcase classname="com.api.tests.CreateUserTests" name="testCreateUser_InvalidData_ShouldFail" time="1.038"/>
  <testcase classname="com.api.tests.CreateUserTests" name="testCreateUser_InvalidData_ShouldFail" time="1.050"/>
  <testcase classname="com.api.tests.CreateUserTests" name="testCreateUser_InvalidData_ShouldFail" time="1.883"/>
  <testcase classname="com.api.tests.CreateUserTests" name="testCreateUser_InvalidData_ShouldFail" time="0.757"/>
</testsuite> <!-- com.api.tests.CreateUserTests -->
