<?xml version="1.0" encoding="UTF-8"?>
<!-- Generated by org.testng.reporters.JUnitReportReporter -->
<testsuite hostname="DESKTOP-TFUFUVK" failures="0" tests="3" name="com.api.tests.GetPostTests" time="3.301" errors="0" timestamp="2025-07-09T02:34:38 IST" skipped="0">
  <testcase classname="com.api.tests.GetPostTests" name="testGetAllPosts_ShouldReturnList" time="1.078"/>
  <testcase classname="com.api.tests.GetPostTests" name="testGetPostById_ShouldReturnCorrectPost" time="1.198"/>
  <testcase classname="com.api.tests.GetPostTests" name="testGetPostByInvalidId_ShouldReturn404" time="1.025"/>
</testsuite> <!-- com.api.tests.GetPostTests -->
